Determining if the pthread_create exist failed with the following output:
Change Dir: /home/pi/Documents/RealTime/RealTime5-Team-2/Electronics/CMakeFiles/CMakeTmp

Run Build Command:"/usr/bin/make" "cmTC_7bb96/fast"
/usr/bin/make -f CMakeFiles/cmTC_7bb96.dir/build.make CMakeFiles/cmTC_7bb96.dir/build
make[1]: Entering directory '/home/pi/Documents/RealTime/RealTime5-Team-2/Electronics/CMakeFiles/CMakeTmp'
Building C object CMakeFiles/cmTC_7bb96.dir/CheckSymbolExists.c.o
/usr/bin/cc    -o CMakeFiles/cmTC_7bb96.dir/CheckSymbolExists.c.o   -c /home/pi/Documents/RealTime/RealTime5-Team-2/Electronics/CMakeFiles/CMakeTmp/CheckSymbolExists.c
Linking C executable cmTC_7bb96
/usr/bin/cmake -E cmake_link_script CMakeFiles/cmTC_7bb96.dir/link.txt --verbose=1
/usr/bin/cc      -rdynamic CMakeFiles/cmTC_7bb96.dir/CheckSymbolExists.c.o  -o cmTC_7bb96 
/usr/bin/ld: CMakeFiles/cmTC_7bb96.dir/CheckSymbolExists.c.o: in function `main':
CheckSymbolExists.c:(.text+0x38): undefined reference to `pthread_create'
collect2: error: ld returned 1 exit status
make[1]: *** [CMakeFiles/cmTC_7bb96.dir/build.make:87: cmTC_7bb96] Error 1
make[1]: Leaving directory '/home/pi/Documents/RealTime/RealTime5-Team-2/Electronics/CMakeFiles/CMakeTmp'
make: *** [Makefile:121: cmTC_7bb96/fast] Error 2

File /home/pi/Documents/RealTime/RealTime5-Team-2/Electronics/CMakeFiles/CMakeTmp/CheckSymbolExists.c:
/* */
#include <pthread.h>

int main(int argc, char** argv)
{
  (void)argv;
#ifndef pthread_create
  return ((int*)(&pthread_create))[argc];
#else
  (void)argc;
  return 0;
#endif
}

Determining if the function pthread_create exists in the pthreads failed with the following output:
Change Dir: /home/pi/Documents/RealTime/RealTime5-Team-2/Electronics/CMakeFiles/CMakeTmp

Run Build Command:"/usr/bin/make" "cmTC_e8b3a/fast"
/usr/bin/make -f CMakeFiles/cmTC_e8b3a.dir/build.make CMakeFiles/cmTC_e8b3a.dir/build
make[1]: Entering directory '/home/pi/Documents/RealTime/RealTime5-Team-2/Electronics/CMakeFiles/CMakeTmp'
Building C object CMakeFiles/cmTC_e8b3a.dir/CheckFunctionExists.c.o
/usr/bin/cc   -DCHECK_FUNCTION_EXISTS=pthread_create   -o CMakeFiles/cmTC_e8b3a.dir/CheckFunctionExists.c.o   -c /usr/share/cmake-3.13/Modules/CheckFunctionExists.c
Linking C executable cmTC_e8b3a
/usr/bin/cmake -E cmake_link_script CMakeFiles/cmTC_e8b3a.dir/link.txt --verbose=1
/usr/bin/cc  -DCHECK_FUNCTION_EXISTS=pthread_create    -rdynamic CMakeFiles/cmTC_e8b3a.dir/CheckFunctionExists.c.o  -o cmTC_e8b3a -lpthreads 
/usr/bin/ld: cannot find -lpthreads
collect2: error: ld returned 1 exit status
make[1]: *** [CMakeFiles/cmTC_e8b3a.dir/build.make:87: cmTC_e8b3a] Error 1
make[1]: Leaving directory '/home/pi/Documents/RealTime/RealTime5-Team-2/Electronics/CMakeFiles/CMakeTmp'
make: *** [Makefile:121: cmTC_e8b3a/fast] Error 2


